Determining if the pthread_create exist failed with the following output:
Change Dir: /home/ml/omnieval/remap/build/CMakeFiles/CMakeTmp

Run Build Command:"/usr/bin/make" "cmTC_efb06/fast"
/usr/bin/make -f CMakeFiles/cmTC_efb06.dir/build.make CMakeFiles/cmTC_efb06.dir/build
make[1]: Entering directory '/home/ml/omnieval/remap/build/CMakeFiles/CMakeTmp'
Building C object CMakeFiles/cmTC_efb06.dir/CheckSymbolExists.c.o
/usr/bin/cc    -fPIC    -o CMakeFiles/cmTC_efb06.dir/CheckSymbolExists.c.o   -c /home/ml/omnieval/remap/build/CMakeFiles/CMakeTmp/CheckSymbolExists.c
Linking C executable cmTC_efb06
/usr/bin/cmake -E cmake_link_script CMakeFiles/cmTC_efb06.dir/link.txt --verbose=1
/usr/bin/cc  -fPIC     CMakeFiles/cmTC_efb06.dir/CheckSymbolExists.c.o  -o cmTC_efb06 -rdynamic 
CMakeFiles/cmTC_efb06.dir/CheckSymbolExists.c.o：在函数‘main’中：
CheckSymbolExists.c:(.text+0x1b)：对‘pthread_create’未定义的引用
collect2: error: ld returned 1 exit status
CMakeFiles/cmTC_efb06.dir/build.make:97: recipe for target 'cmTC_efb06' failed
make[1]: *** [cmTC_efb06] Error 1
make[1]: Leaving directory '/home/ml/omnieval/remap/build/CMakeFiles/CMakeTmp'
Makefile:126: recipe for target 'cmTC_efb06/fast' failed
make: *** [cmTC_efb06/fast] Error 2

File /home/ml/omnieval/remap/build/CMakeFiles/CMakeTmp/CheckSymbolExists.c:
/* */
#include <pthread.h>

int main(int argc, char** argv)
{
  (void)argv;
#ifndef pthread_create
  return ((int*)(&pthread_create))[argc];
#else
  (void)argc;
  return 0;
#endif
}

Determining if the function pthread_create exists in the pthreads failed with the following output:
Change Dir: /home/ml/omnieval/remap/build/CMakeFiles/CMakeTmp

Run Build Command:"/usr/bin/make" "cmTC_438ee/fast"
/usr/bin/make -f CMakeFiles/cmTC_438ee.dir/build.make CMakeFiles/cmTC_438ee.dir/build
make[1]: Entering directory '/home/ml/omnieval/remap/build/CMakeFiles/CMakeTmp'
Building C object CMakeFiles/cmTC_438ee.dir/CheckFunctionExists.c.o
/usr/bin/cc    -fPIC -DCHECK_FUNCTION_EXISTS=pthread_create   -o CMakeFiles/cmTC_438ee.dir/CheckFunctionExists.c.o   -c /usr/share/cmake-3.5/Modules/CheckFunctionExists.c
Linking C executable cmTC_438ee
/usr/bin/cmake -E cmake_link_script CMakeFiles/cmTC_438ee.dir/link.txt --verbose=1
/usr/bin/cc  -fPIC -DCHECK_FUNCTION_EXISTS=pthread_create    CMakeFiles/cmTC_438ee.dir/CheckFunctionExists.c.o  -o cmTC_438ee -rdynamic -lpthreads 
/usr/bin/ld: 找不到 -lpthreads
collect2: error: ld returned 1 exit status
CMakeFiles/cmTC_438ee.dir/build.make:97: recipe for target 'cmTC_438ee' failed
make[1]: *** [cmTC_438ee] Error 1
make[1]: Leaving directory '/home/ml/omnieval/remap/build/CMakeFiles/CMakeTmp'
Makefile:126: recipe for target 'cmTC_438ee/fast' failed
make: *** [cmTC_438ee/fast] Error 2


